
   INFO  Server running on [http://127.0.0.1:8000].  

  Press Ctrl+C to stop the server

  2026-03-01 14:57:03 /api/auth/me ............................................................................. ~ 1s
  2026-03-01 14:57:06 /up ................................................................................ ~ 502.86ms
  2026-03-01 14:57:11 /api/auth/me ....................................................................... ~ 507.19ms
  2026-03-01 14:57:24 /sanctum/csrf-cookie ............................................................... ~ 502.62ms
  2026-03-01 14:57:25 /api/auth/login .................................................................... ~ 494.62ms
  2026-03-01 14:57:25 /api/user/preferences .............................................................. ~ 507.18ms
  2026-03-01 14:57:27 /api/accounts ...................................................................... ~ 501.62ms
  2026-03-01 14:57:27 /api/reports ....................................................................... ~ 508.63ms
  2026-03-01 14:57:27 /api/analytics/dashboard-summary ..................................................... ~ 0.17ms
  2026-03-01 14:57:27 /api/trades ........................................................................ ~ 546.45ms
  2026-03-01 14:57:27 /api/missed-trades ................................................................. ~ 611.27ms
  2026-03-01 14:57:33 /api/analytics/dashboard-summary ................................................... ~ 515.64ms
  2026-03-01 14:57:33 /api/trades .......................................................................... ~ 0.10ms
  2026-03-01 14:57:33 /api/missed-trades ................................................................. ~ 544.20ms
  2026-03-01 14:57:34 /api/analytics/daily ............................................................... ~ 501.23ms
  2026-03-01 14:57:38 /api/instruments ..................................................................... ~ 0.22ms
  2026-03-01 14:57:38 /api/dictionaries/strategy-models ................................................... ~ 42.02ms
  2026-03-01 14:57:38 /api/dictionaries/setups ........................................................... ~ 575.59ms
  2026-03-01 14:57:38 /api/dictionaries/killzones ........................................................ ~ 557.13ms
  2026-03-01 14:57:38 /api/dictionaries/trade-tags ....................................................... ~ 530.56ms
  2026-03-01 14:57:39 /api/dictionaries/sessions ......................................................... ~ 536.23ms
  2026-03-01 14:57:39 /api/instruments .................................................................... ~ 27.17ms
  2026-03-01 14:57:39 /api/trades ........................................................................ ~ 501.40ms
  2026-03-01 14:57:39 /api/reports ......................................................................... ~ 0.08ms
  2026-03-01 14:57:42 /api/instruments ..................................................................... ~ 0.19ms
  2026-03-01 14:57:42 /api/missed-trades ................................................................. ~ 556.01ms
  2026-03-01 14:57:42 /api/instruments ..................................................................... ~ 0.09ms
  2026-03-01 14:57:42 /api/accounts ...................................................................... ~ 508.57ms
  2026-03-01 14:57:45 /api/analytics/overview ............................................................ ~ 508.12ms
  2026-03-01 14:57:45 /api/analytics/dashboard-summary ......................................................... ~ 1s
  2026-03-01 14:57:46 /api/user/preferences ................................................................ ~ 0.24ms
  2026-03-01 14:57:50 /api/accounts ........................................................................ ~ 0.19ms
  2026-03-01 14:57:50 /api/reports ....................................................................... ~ 508.31ms
  2026-03-01 14:57:51 /api/analytics/dashboard-summary ................................................... ~ 515.50ms
  2026-03-01 14:57:51 /api/trades .............................................................................. ~ 1s
  2026-03-01 14:57:51 /api/missed-trades ....................................................................... ~ 1s
  2026-03-01 14:58:17 /api/analytics/dashboard-summary ..................................................... ~ 0.35ms
  2026-03-01 14:58:17 /api/trades ........................................................................ ~ 500.80ms
  2026-03-01 14:58:17 /api/missed-trades ................................................................. ~ 529.51ms
  2026-03-01 14:58:18 /api/analytics/dashboard-summary ..................................................... ~ 0.18ms
  2026-03-01 14:58:18 /api/trades .......................................................................... ~ 0.09ms
  2026-03-01 14:58:18 /api/missed-trades ................................................................. ~ 536.06ms
  2026-03-01 14:58:19 /api/analytics/dashboard-summary ..................................................... ~ 0.08ms
  2026-03-01 14:58:19 /api/trades ........................................................................ ~ 505.10ms
  2026-03-01 14:58:19 /api/missed-trades ................................................................. ~ 516.45ms
  2026-03-01 14:58:20 /api/analytics/daily ................................................................. ~ 0.31ms
  2026-03-01 14:58:21 /api/analytics/daily ................................................................. ~ 0.13ms
  2026-03-01 14:58:21 /api/analytics/dashboard-summary ................................................... ~ 510.28ms
  2026-03-01 14:58:21 /api/trades ........................................................................ ~ 525.73ms
  2026-03-01 14:58:21 /api/missed-trades .................................................................. ~ 27.39ms
  2026-03-01 14:58:21 /api/analytics/daily ............................................................... ~ 525.13ms
  2026-03-01 14:58:22 /api/analytics/dashboard-summary ................................................... ~ 524.53ms
  2026-03-01 14:58:22 /api/trades ......................................................................... ~ 20.07ms
  2026-03-01 14:58:22 /api/missed-trades ................................................................. ~ 548.92ms
  2026-03-01 14:59:02 /api/analytics/dashboard-summary ................................................... ~ 501.12ms
  2026-03-01 14:59:03 /api/trades ........................................................................ ~ 506.19ms
  2026-03-01 14:59:03 /api/missed-trades ................................................................. ~ 554.98ms
  2026-03-01 14:59:47 /api/analytics/dashboard-summary ................................................... ~ 500.87ms
  2026-03-01 14:59:47 /api/trades ........................................................................ ~ 517.90ms
  2026-03-01 14:59:48 /api/missed-trades ................................................................. ~ 534.92ms
  2026-03-01 15:00:32 /api/analytics/dashboard-summary ..................................................... ~ 0.15ms
  2026-03-01 15:00:33 /api/trades ........................................................................ ~ 502.05ms
  2026-03-01 15:00:33 /api/missed-trades ................................................................. ~ 555.17ms
  2026-03-01 15:01:17 /api/analytics/dashboard-summary ..................................................... ~ 0.22ms
  2026-03-01 15:01:17 /api/trades ........................................................................ ~ 536.42ms
  2026-03-01 15:01:17 /api/missed-trades ................................................................. ~ 561.11ms
  2026-03-01 15:01:48 /api/analytics/dashboard-summary ................................................... ~ 501.60ms
  2026-03-01 15:01:49 /api/trades ........................................................................ ~ 502.17ms
  2026-03-01 15:01:49 /api/missed-trades ................................................................. ~ 564.91ms
  2026-03-01 15:02:02 /api/analytics/dashboard-summary ..................................................... ~ 0.25ms
  2026-03-01 15:02:02 /api/trades ........................................................................ ~ 521.47ms
  2026-03-01 15:02:02 /api/missed-trades ................................................................. ~ 562.39ms
  2026-03-01 15:02:47 /api/analytics/dashboard-summary ..................................................... ~ 0.38ms
  2026-03-01 15:02:47 /api/trades ........................................................................ ~ 528.14ms
  2026-03-01 15:02:47 /api/missed-trades ................................................................. ~ 556.58ms
  2026-03-01 15:03:32 /api/analytics/dashboard-summary ................................................... ~ 501.14ms
  2026-03-01 15:03:33 /api/trades ........................................................................ ~ 496.78ms
  2026-03-01 15:03:33 /api/missed-trades ................................................................. ~ 549.69ms
  2026-03-01 15:04:17 /api/analytics/dashboard-summary ................................................... ~ 514.08ms
  2026-03-01 15:04:17 /api/trades ........................................................................ ~ 501.51ms
  2026-03-01 15:04:17 /api/missed-trades ................................................................. ~ 533.46ms
  2026-03-01 15:05:02 /api/analytics/dashboard-summary ................................................... ~ 501.17ms
  2026-03-01 15:05:03 /api/trades .......................................................................... ~ 0.10ms
  2026-03-01 15:05:03 /api/missed-trades ................................................................. ~ 543.36ms
  2026-03-01 15:05:47 /api/analytics/dashboard-summary ..................................................... ~ 0.39ms
  2026-03-01 15:05:47 /api/trades ........................................................................ ~ 509.33ms
  2026-03-01 15:05:47 /api/missed-trades ................................................................. ~ 576.88ms
  2026-03-01 15:06:32 /api/analytics/dashboard-summary ................................................... ~ 502.01ms
  2026-03-01 15:06:32 /api/trades .............................................................................. ~ 1s
  2026-03-01 15:06:33 /api/missed-trades ................................................................. ~ 562.49ms
  2026-03-01 15:07:17 /api/analytics/dashboard-summary ................................................... ~ 501.27ms
  2026-03-01 15:07:17 /api/trades .......................................................................... ~ 0.10ms
  2026-03-01 15:07:17 /api/missed-trades ................................................................. ~ 546.60ms
  2026-03-01 15:08:02 /api/analytics/dashboard-summary ................................................... ~ 500.80ms
  2026-03-01 15:08:03 /api/trades .......................................................................... ~ 0.17ms
  2026-03-01 15:08:03 /api/missed-trades ................................................................. ~ 541.84ms
  2026-03-01 15:08:47 /api/analytics/dashboard-summary ..................................................... ~ 0.38ms
  2026-03-01 15:08:47 /api/trades ........................................................................ ~ 506.78ms
  2026-03-01 15:08:47 /api/missed-trades ................................................................. ~ 568.40ms
  2026-03-01 15:09:32 /api/analytics/dashboard-summary ................................................... ~ 503.15ms
  2026-03-01 15:09:32 /api/trades .......................................................................... ~ 0.24ms
  2026-03-01 15:09:32 /api/missed-trades .................................................................. ~ 52.93ms
  2026-03-01 15:10:17 /api/analytics/dashboard-summary ................................................... ~ 500.97ms
  2026-03-01 15:10:17 /api/trades .......................................................................... ~ 0.21ms
  2026-03-01 15:10:17 /api/missed-trades ................................................................. ~ 531.76ms
  2026-03-01 15:11:02 /api/analytics/dashboard-summary ......................................................... ~ 1s
  2026-03-01 15:11:03 /api/trades .......................................................................... ~ 0.24ms
  2026-03-01 15:11:03 /api/missed-trades ................................................................. ~ 556.78ms
  2026-03-01 15:11:47 /api/analytics/dashboard-summary ..................................................... ~ 0.30ms
  2026-03-01 15:11:47 /api/trades ........................................................................ ~ 495.47ms
  2026-03-01 15:11:47 /api/missed-trades ................................................................. ~ 551.84ms
  2026-03-01 15:12:32 /api/analytics/dashboard-summary ..................................................... ~ 0.20ms
  2026-03-01 15:12:32 /api/trades ........................................................................ ~ 518.07ms
  2026-03-01 15:12:33 /api/missed-trades ................................................................. ~ 562.07ms
  2026-03-01 15:13:17 /api/analytics/dashboard-summary ................................................... ~ 501.32ms
  2026-03-01 15:13:18 /api/trades .......................................................................... ~ 0.19ms
  2026-03-01 15:13:18 /api/missed-trades ................................................................. ~ 543.00ms
  2026-03-01 15:14:02 /api/analytics/dashboard-summary ................................................... ~ 499.96ms
  2026-03-01 15:14:02 /api/trades .............................................................................. ~ 1s
  2026-03-01 15:14:03 /api/missed-trades ................................................................. ~ 575.36ms
  2026-03-01 15:14:47 /api/analytics/dashboard-summary ................................................... ~ 516.17ms
  2026-03-01 15:14:47 /api/trades .......................................................................... ~ 0.16ms
  2026-03-01 15:14:47 /api/missed-trades ................................................................. ~ 551.72ms
  2026-03-01 15:15:32 /api/analytics/dashboard-summary ................................................... ~ 501.07ms
  2026-03-01 15:15:32 /api/trades ........................................................................ ~ 539.33ms
  2026-03-01 15:15:33 /api/missed-trades ................................................................. ~ 536.83ms
  2026-03-01 15:16:17 /api/analytics/dashboard-summary ..................................................... ~ 0.25ms
  2026-03-01 15:16:17 /api/trades ........................................................................ ~ 505.96ms
  2026-03-01 15:16:17 /api/missed-trades ................................................................. ~ 555.94ms
  2026-03-01 15:17:02 /api/analytics/dashboard-summary ................................................... ~ 500.99ms
  2026-03-01 15:17:02 /api/trades .......................................................................... ~ 0.20ms
  2026-03-01 15:17:02 /api/missed-trades ................................................................. ~ 554.03ms
  2026-03-01 15:17:47 /api/analytics/dashboard-summary ................................................... ~ 515.48ms
  2026-03-01 15:17:47 /api/trades .......................................................................... ~ 0.10ms
  2026-03-01 15:17:47 /api/missed-trades ................................................................. ~ 544.88ms
  2026-03-01 15:18:32 /api/analytics/dashboard-summary ......................................................... ~ 1s
  2026-03-01 15:18:33 /api/trades .......................................................................... ~ 0.10ms
  2026-03-01 15:18:33 /api/missed-trades .................................................................. ~ 32.44ms
  2026-03-01 15:19:17 /api/analytics/dashboard-summary ..................................................... ~ 0.13ms
  2026-03-01 15:19:17 /api/trades ........................................................................ ~ 503.73ms
  2026-03-01 15:19:17 /api/missed-trades ................................................................. ~ 539.71ms
  2026-03-01 15:20:02 /api/analytics/dashboard-summary ................................................... ~ 500.27ms
  2026-03-01 15:20:03 /api/trades ........................................................................ ~ 496.13ms
  2026-03-01 15:20:03 /api/missed-trades ................................................................. ~ 536.45ms
  2026-03-01 15:20:47 /api/analytics/dashboard-summary ................................................... ~ 501.20ms
  2026-03-01 15:20:47 /api/trades .......................................................................... ~ 0.19ms
  2026-03-01 15:20:47 /api/missed-trades ................................................................. ~ 543.28ms
  2026-03-01 15:21:32 /api/analytics/dashboard-summary ..................................................... ~ 0.21ms
  2026-03-01 15:21:32 /api/trades ........................................................................ ~ 524.60ms
  2026-03-01 15:21:32 /api/missed-trades ................................................................. ~ 538.59ms
  2026-03-01 15:22:17 /api/analytics/dashboard-summary ..................................................... ~ 0.36ms
  2026-03-01 15:22:17 /api/trades ........................................................................ ~ 550.44ms
  2026-03-01 15:22:17 /api/missed-trades ................................................................. ~ 599.30ms
  2026-03-01 15:23:02 /api/analytics/dashboard-summary ................................................... ~ 501.83ms
  2026-03-01 15:23:03 /api/trades ........................................................................ ~ 505.07ms
  2026-03-01 15:23:03 /api/missed-trades ................................................................. ~ 535.90ms
  2026-03-01 15:23:47 /api/analytics/dashboard-summary ................................................... ~ 500.84ms
  2026-03-01 15:23:47 /api/trades .......................................................................... ~ 0.13ms
  2026-03-01 15:23:47 /api/missed-trades ................................................................. ~ 544.57ms
  2026-03-01 15:24:32 /api/analytics/dashboard-summary ......................................................... ~ 1s
  2026-03-01 15:24:33 /api/trades .......................................................................... ~ 0.14ms
  2026-03-01 15:24:33 /api/missed-trades ................................................................. ~ 542.09ms
  2026-03-01 15:25:17 /api/analytics/dashboard-summary ..................................................... ~ 0.18ms
  2026-03-01 15:25:17 /api/trades ........................................................................ ~ 493.90ms
  2026-03-01 15:25:17 /api/missed-trades ................................................................. ~ 551.70ms
  2026-03-01 15:26:02 /api/analytics/dashboard-summary ................................................... ~ 504.64ms
  2026-03-01 15:26:02 /api/trades .......................................................................... ~ 0.22ms
  2026-03-01 15:26:02 /api/missed-trades .................................................................. ~ 61.96ms
  2026-03-01 15:26:47 /api/analytics/dashboard-summary ................................................... ~ 500.35ms
  2026-03-01 15:26:47 /api/trades .......................................................................... ~ 0.10ms
  2026-03-01 15:26:47 /api/missed-trades ................................................................. ~ 533.50ms
  2026-03-01 15:27:32 /api/analytics/dashboard-summary ................................................... ~ 501.05ms
  2026-03-01 15:27:33 /api/trades ........................................................................ ~ 501.70ms
  2026-03-01 15:27:33 /api/missed-trades ................................................................. ~ 557.43ms
  2026-03-01 15:28:17 /api/analytics/dashboard-summary ................................................... ~ 501.87ms
  2026-03-01 15:28:17 /api/trades ........................................................................ ~ 521.04ms
  2026-03-01 15:28:17 /api/missed-trades ................................................................. ~ 542.89ms
  2026-03-01 15:29:02 /api/analytics/dashboard-summary ................................................... ~ 501.24ms
  2026-03-01 15:29:03 /api/trades ........................................................................ ~ 503.99ms
  2026-03-01 15:29:03 /api/missed-trades ................................................................. ~ 556.02ms
  2026-03-01 15:29:47 /api/analytics/dashboard-summary ..................................................... ~ 0.31ms
  2026-03-01 15:29:47 /api/trades ........................................................................ ~ 506.93ms
  2026-03-01 15:29:47 /api/missed-trades ................................................................. ~ 541.06ms
  2026-03-01 15:30:32 /api/analytics/dashboard-summary ................................................... ~ 501.32ms
  2026-03-01 15:30:33 /api/trades ........................................................................ ~ 504.66ms
  2026-03-01 15:30:33 /api/missed-trades ................................................................. ~ 551.37ms
  2026-03-01 15:31:17 /api/analytics/dashboard-summary ................................................... ~ 504.56ms
  2026-03-01 15:31:18 /api/trades ........................................................................ ~ 500.52ms
  2026-03-01 15:31:18 /api/missed-trades ................................................................. ~ 563.39ms
  2026-03-01 15:32:02 /api/analytics/dashboard-summary ................................................... ~ 501.01ms
  2026-03-01 15:32:03 /api/missed-trades ................................................................... ~ 0.16ms
  2026-03-01 15:32:03 /api/trades ........................................................................ ~ 538.28ms
  2026-03-01 15:32:47 /api/analytics/dashboard-summary ..................................................... ~ 0.43ms
  2026-03-01 15:32:47 /api/trades ........................................................................ ~ 505.74ms
  2026-03-01 15:32:47 /api/missed-trades ................................................................. ~ 537.82ms
  2026-03-01 15:32:58 /api/analytics/dashboard-summary ................................................... ~ 501.46ms
  2026-03-01 15:32:59 /api/missed-trades ................................................................... ~ 0.19ms
  2026-03-01 15:32:59 /api/trades ......................................................................... ~ 34.74ms
  2026-03-01 15:33:12 /api/analytics/dashboard-summary ................................................... ~ 501.25ms
  2026-03-01 15:33:12 /api/trades ........................................................................ ~ 529.64ms
  2026-03-01 15:33:12 /api/missed-trades .................................................................. ~ 37.45ms
  2026-03-01 15:33:15 /api/accounts ...................................................................... ~ 510.53ms
  2026-03-01 15:33:15 /api/instruments ................................................................... ~ 545.51ms
  2026-03-01 15:33:15 /api/fx-rates ...................................................................... ~ 538.66ms
  2026-03-01 15:33:15 /api/dictionaries/strategy-models .................................................. ~ 533.26ms
  2026-03-01 15:33:16 /api/dictionaries/setups ............................................................ ~ 16.64ms
  2026-03-01 15:33:16 /api/dictionaries/killzones ........................................................ ~ 522.03ms
  2026-03-01 15:33:16 /api/dictionaries/trade-tags ....................................................... ~ 524.16ms
  2026-03-01 15:33:16 /api/dictionaries/sessions .......................................................... ~ 30.94ms
  2026-03-01 15:33:16 /api/instruments ................................................................... ~ 523.68ms
  2026-03-01 15:33:17 /api/trades .......................................................................... ~ 0.19ms
  2026-03-01 15:33:17 /api/trade-checklist/resolve ......................................................... ~ 0.08ms
  2026-03-01 15:33:17 /api/trade-checklist/resolve ....................................................... ~ 500.92ms
  2026-03-01 15:33:17 /api/user/preferences ................................................................ ~ 0.08ms
  2026-03-01 15:33:19 /api/analytics/dashboard-summary ................................................... ~ 516.67ms
  2026-03-01 15:33:19 /api/analytics/overview .............................................................. ~ 0.19ms
  2026-03-01 15:33:20 /api/accounts ...................................................................... ~ 507.93ms
  2026-03-01 15:33:21 /api/accounts ........................................................................ ~ 0.16ms
  2026-03-01 15:33:21 /api/dictionaries/strategy-models .................................................. ~ 547.33ms
  2026-03-01 15:33:21 /api/dictionaries/setups ........................................................... ~ 562.26ms
  2026-03-01 15:33:21 /api/dictionaries/killzones ........................................................ ~ 541.61ms
  2026-03-01 15:33:22 /api/dictionaries/trade-tags ....................................................... ~ 548.69ms
  2026-03-01 15:33:22 /api/dictionaries/sessions ......................................................... ~ 535.11ms
  2026-03-01 15:33:22 /api/checklists ...................................................................... ~ 0.09ms
  2026-03-01 15:33:23 /api/checklists/1/items ............................................................ ~ 509.44ms
  2026-03-01 15:33:23 /api/checklists/1/items .............................................................. ~ 0.18ms
  2026-03-01 15:33:24 /api/accounts ........................................................................ ~ 0.23ms
  2026-03-01 15:33:24 /api/instruments .................................................................... ~ 36.54ms
  2026-03-01 15:33:24 /api/fx-rates ...................................................................... ~ 553.32ms
  2026-03-01 15:33:24 /api/instruments ..................................................................... ~ 0.10ms
  2026-03-01 15:33:34 /api/accounts ........................................................................ ~ 0.15ms
  2026-03-01 15:33:44 /api/accounts ...................................................................... ~ 512.89ms
  2026-03-01 15:33:44 /api/reports ......................................................................... ~ 0.09ms
  2026-03-01 15:33:44 /api/analytics/dashboard-summary ................................................... ~ 509.63ms
  2026-03-01 15:33:44 /api/trades ........................................................................ ~ 543.28ms
  2026-03-01 15:33:44 /api/missed-trades .................................................................. ~ 33.83ms
  2026-03-01 15:34:01 /api/analytics/dashboard-summary ..................................................... ~ 0.25ms
  2026-03-01 15:34:02 /api/trades ........................................................................ ~ 512.68ms
  2026-03-01 15:34:02 /api/missed-trades ................................................................. ~ 578.86ms
  2026-03-01 15:34:04 /api/accounts ........................................................................ ~ 0.21ms
  2026-03-01 15:34:04 /api/dictionaries/strategy-models .................................................. ~ 510.18ms
  2026-03-01 15:34:04 /api/dictionaries/setups ........................................................... ~ 542.15ms
  2026-03-01 15:34:05 /api/dictionaries/killzones ........................................................ ~ 535.26ms
  2026-03-01 15:34:05 /api/dictionaries/trade-tags ....................................................... ~ 533.74ms
  2026-03-01 15:34:05 /api/dictionaries/sessions ......................................................... ~ 510.56ms
  2026-03-01 15:34:06 /api/checklists ...................................................................... ~ 0.23ms
  2026-03-01 15:34:06 /api/checklists/1/items ............................................................ ~ 501.80ms
  2026-03-01 15:34:08 /api/user/preferences ................................................................ ~ 0.14ms
  2026-03-01 15:34:09 /api/analytics/dashboard-summary ..................................................... ~ 0.50ms
  2026-03-01 15:34:09 /api/analytics/overview ............................................................ ~ 532.48ms
  2026-03-01 15:34:10 /api/instruments ................................................................... ~ 634.04ms
  2026-03-01 15:34:10 /api/dictionaries/strategy-models ........................................................ ~ 1s
  2026-03-01 15:34:10 /api/dictionaries/setups ................................................................. ~ 1s
  2026-03-01 15:34:11 /api/dictionaries/killzones ......................................................... ~ 31.87ms
  2026-03-01 15:34:11 /api/dictionaries/trade-tags ....................................................... ~ 523.38ms
  2026-03-01 15:34:11 /api/dictionaries/sessions ......................................................... ~ 526.26ms
  2026-03-01 15:34:12 /api/instruments .................................................................... ~ 21.48ms
  2026-03-01 15:34:12 /api/accounts ...................................................................... ~ 537.40ms
  2026-03-01 15:34:12 /api/instruments ................................................................... ~ 546.32ms
  2026-03-01 15:34:12 /api/fx-rates ....................................................................... ~ 35.54ms
  2026-03-01 15:34:12 /api/dictionaries/strategy-models .................................................. ~ 543.87ms
  2026-03-01 15:34:13 /api/dictionaries/setups ........................................................... ~ 526.90ms
  2026-03-01 15:34:13 /api/dictionaries/killzones ......................................................... ~ 33.02ms
  2026-03-01 15:34:13 /api/dictionaries/trade-tags ........................................................ ~ 28.38ms
  2026-03-01 15:34:13 /api/dictionaries/sessions ......................................................... ~ 533.08ms
  2026-03-01 15:34:13 /api/trades ........................................................................ ~ 535.60ms
  2026-03-01 15:34:13 /api/instruments .................................................................... ~ 33.73ms
  2026-03-01 15:34:14 /api/reports ....................................................................... ~ 503.15ms
  2026-03-01 15:34:14 /api/trades .......................................................................... ~ 0.12ms
  2026-03-01 15:34:14 /api/trade-checklist/resolve ......................................................... ~ 0.24ms
  2026-03-01 15:34:14 /api/trade-checklist/resolve ....................................................... ~ 503.31ms
  2026-03-01 15:34:32 /api/accounts ........................................................................ ~ 0.21ms
  2026-03-01 15:34:32 /api/dictionaries/strategy-models ................................................... ~ 30.32ms
  2026-03-01 15:34:32 /api/dictionaries/setups ........................................................... ~ 550.29ms
  2026-03-01 15:34:32 /api/dictionaries/killzones ........................................................ ~ 570.59ms
  2026-03-01 15:34:32 /api/dictionaries/trade-tags ....................................................... ~ 592.04ms
  2026-03-01 15:34:32 /api/dictionaries/sessions ............................................................... ~ 1s
  2026-03-01 15:34:33 /api/checklists ...................................................................... ~ 0.09ms
  2026-03-01 15:34:34 /api/checklists/1/items .............................................................. ~ 0.08ms
  2026-03-01 15:39:51 /api/accounts ...................................................................... ~ 513.37ms
  2026-03-01 15:39:51 /api/dictionaries/strategy-models .................................................. ~ 547.34ms
  2026-03-01 15:39:51 /api/dictionaries/setups ............................................................ ~ 12.86ms
  2026-03-01 15:39:51 /api/dictionaries/killzones ........................................................ ~ 505.86ms
  2026-03-01 15:39:52 /api/dictionaries/trade-tags ....................................................... ~ 503.23ms
  2026-03-01 15:39:52 /api/dictionaries/sessions .......................................................... ~ 14.31ms
  2026-03-01 15:39:52 /api/checklists ...................................................................... ~ 0.10ms
  2026-03-01 15:39:52 /api/checklists/1/items ............................................................ ~ 515.32ms
  2026-03-01 15:40:34 /api/instruments ................................................................... ~ 511.58ms
  2026-03-01 15:40:34 /api/dictionaries/strategy-models .................................................... ~ 0.14ms
  2026-03-01 15:40:34 /api/dictionaries/setups ........................................................... ~ 528.46ms
  2026-03-01 15:40:34 /api/dictionaries/killzones ........................................................ ~ 537.56ms
  2026-03-01 15:40:34 /api/dictionaries/trade-tags ........................................................ ~ 18.48ms
  2026-03-01 15:40:35 /api/dictionaries/sessions .......................................................... ~ 19.37ms
  2026-03-01 15:40:35 /api/instruments ................................................................... ~ 531.91ms
  2026-03-01 15:40:35 /api/trades .......................................................................... ~ 0.13ms
  2026-03-01 15:40:35 /api/reports ......................................................................... ~ 0.09ms
  2026-03-01 15:40:36 /api/accounts ...................................................................... ~ 510.70ms
  2026-03-01 15:40:36 /api/instruments ................................................................... ~ 542.81ms
  2026-03-01 15:40:36 /api/fx-rates ....................................................................... ~ 27.50ms
  2026-03-01 15:40:36 /api/dictionaries/strategy-models .................................................. ~ 541.36ms
  2026-03-01 15:40:36 /api/dictionaries/setups ........................................................... ~ 530.61ms
  2026-03-01 15:40:36 /api/dictionaries/killzones ......................................................... ~ 24.80ms
  2026-03-01 15:40:37 /api/dictionaries/trade-tags ........................................................ ~ 18.55ms
  2026-03-01 15:40:37 /api/dictionaries/sessions ......................................................... ~ 526.28ms
  2026-03-01 15:40:37 /api/instruments ................................................................... ~ 522.96ms
  2026-03-01 15:40:37 /api/trades .......................................................................... ~ 0.08ms
  2026-03-01 15:40:37 /api/trade-checklist/resolve ....................................................... ~ 512.40ms
  2026-03-01 15:40:37 /api/trade-checklist/resolve ......................................................... ~ 0.08ms
  2026-03-01 15:40:42 /api/accounts ........................................................................ ~ 0.21ms
  2026-03-01 15:40:42 /api/dictionaries/strategy-models .................................................... ~ 0.16ms
  2026-03-01 15:40:42 /api/dictionaries/setups ........................................................... ~ 523.38ms
  2026-03-01 15:40:42 /api/dictionaries/killzones ........................................................ ~ 530.44ms
  2026-03-01 15:40:42 /api/dictionaries/trade-tags ........................................................ ~ 21.74ms
  2026-03-01 15:40:42 /api/dictionaries/sessions ......................................................... ~ 522.65ms
  2026-03-01 15:40:43 /api/checklists ...................................................................... ~ 0.08ms
  2026-03-01 15:40:43 /api/checklists/1/items .............................................................. ~ 0.08ms
  2026-03-01 15:41:03 /api/instruments ..................................................................... ~ 0.20ms
  2026-03-01 15:41:03 /api/dictionaries/strategy-models .................................................. ~ 532.20ms
  2026-03-01 15:41:03 /api/dictionaries/setups ........................................................... ~ 522.03ms
  2026-03-01 15:41:03 /api/dictionaries/killzones ......................................................... ~ 23.16ms
  2026-03-01 15:41:03 /api/dictionaries/trade-tags ....................................................... ~ 536.46ms
  2026-03-01 15:41:04 /api/dictionaries/sessions ......................................................... ~ 537.03ms
  2026-03-01 15:41:04 /api/instruments .................................................................... ~ 27.52ms
  2026-03-01 15:41:04 /api/accounts ...................................................................... ~ 540.01ms
  2026-03-01 15:41:04 /api/instruments ................................................................... ~ 535.33ms
  2026-03-01 15:41:04 /api/fx-rates ....................................................................... ~ 30.15ms
  2026-03-01 15:41:05 /api/dictionaries/strategy-models .................................................. ~ 541.49ms
  2026-03-01 15:41:05 /api/dictionaries/setups ........................................................... ~ 526.42ms
  2026-03-01 15:41:05 /api/dictionaries/killzones ......................................................... ~ 27.90ms
  2026-03-01 15:41:05 /api/dictionaries/trade-tags ....................................................... ~ 529.45ms
  2026-03-01 15:41:05 /api/dictionaries/sessions ......................................................... ~ 526.57ms
  2026-03-01 15:41:05 /api/trades ......................................................................... ~ 26.51ms
  2026-03-01 15:41:06 /api/instruments .................................................................... ~ 44.58ms
  2026-03-01 15:41:06 /api/reports ....................................................................... ~ 515.06ms
  2026-03-01 15:41:06 /api/trades .......................................................................... ~ 0.13ms
  2026-03-01 15:41:06 /api/trade-checklist/resolve ....................................................... ~ 521.47ms
  2026-03-01 15:41:07 /api/trade-checklist/resolve ....................................................... ~ 505.81ms
  2026-03-01 15:41:18 /api/accounts ........................................................................ ~ 0.27ms
  2026-03-01 15:41:18 /api/instruments ................................................................... ~ 505.47ms
  2026-03-01 15:41:18 /api/fx-rates ...................................................................... ~ 542.19ms
  2026-03-01 15:41:19 /api/instruments ................................................................... ~ 500.66ms
  2026-03-01 15:41:19 /api/accounts ...................................................................... ~ 537.08ms
  2026-03-01 15:41:19 /api/dictionaries/strategy-models ................................................... ~ 37.61ms
  2026-03-01 15:41:19 /api/dictionaries/setups ........................................................... ~ 532.82ms
  2026-03-01 15:41:20 /api/dictionaries/killzones ........................................................ ~ 545.65ms
  2026-03-01 15:41:20 /api/dictionaries/trade-tags ........................................................ ~ 22.98ms
  2026-03-01 15:41:20 /api/dictionaries/sessions ......................................................... ~ 531.07ms
  2026-03-01 15:41:20 /api/checklists ...................................................................... ~ 0.14ms
  2026-03-01 15:41:21 /api/checklists/1/items .............................................................. ~ 0.13ms
  2026-03-01 15:41:23 /api/instruments ..................................................................... ~ 2.32ms
  2026-03-01 15:41:23 /api/dictionaries/strategy-models .................................................. ~ 553.81ms
  2026-03-01 15:41:23 /api/dictionaries/setups ........................................................... ~ 545.64ms
  2026-03-01 15:41:24 /api/dictionaries/killzones ......................................................... ~ 23.71ms
  2026-03-01 15:41:24 /api/dictionaries/trade-tags ....................................................... ~ 537.46ms
  2026-03-01 15:41:24 /api/dictionaries/sessions ......................................................... ~ 527.42ms
  2026-03-01 15:41:24 /api/instruments ................................................................... ~ 530.31ms
  2026-03-01 15:41:25 /api/accounts ...................................................................... ~ 539.84ms
  2026-03-01 15:41:25 /api/instruments .................................................................... ~ 36.33ms
  2026-03-01 15:41:25 /api/fx-rates ...................................................................... ~ 547.33ms
  2026-03-01 15:41:25 /api/dictionaries/strategy-models .................................................. ~ 546.97ms
  2026-03-01 15:41:25 /api/dictionaries/setups ............................................................ ~ 20.80ms
  2026-03-01 15:41:26 /api/dictionaries/killzones ........................................................ ~ 542.11ms
  2026-03-01 15:41:26 /api/dictionaries/trade-tags ....................................................... ~ 552.54ms
  2026-03-01 15:41:26 /api/dictionaries/sessions ......................................................... ~ 542.47ms
  2026-03-01 15:41:26 /api/trades ........................................................................ ~ 551.56ms
  2026-03-01 15:41:26 /api/instruments .................................................................... ~ 39.20ms
  2026-03-01 15:41:27 /api/reports ....................................................................... ~ 508.66ms
  2026-03-01 15:41:27 /api/trades .......................................................................... ~ 0.12ms
  2026-03-01 15:41:27 /api/trade-checklist/resolve ......................................................... ~ 0.17ms
  2026-03-01 15:41:28 /api/trade-checklist/resolve ....................................................... ~ 508.93ms
  2026-03-01 15:41:49 /api/auth/me ......................................................................... ~ 0.20ms
  2026-03-01 15:41:49 /api/user/preferences ................................................................ ~ 0.17ms
  2026-03-01 15:42:17 /api/auth/me ....................................................................... ~ 501.18ms
  2026-03-01 15:42:36 /sanctum/csrf-cookie ............................................................... ~ 513.87ms
  2026-03-01 15:42:36 /api/auth/login .................................................................... ~ 511.70ms
  2026-03-01 15:42:37 /api/user/preferences ................................................................ ~ 0.12ms
  2026-03-01 15:42:37 /api/accounts ........................................................................ ~ 0.35ms
  2026-03-01 15:42:37 /api/instruments .................................................................... ~ 64.96ms
  2026-03-01 15:42:37 /api/fx-rates ...................................................................... ~ 616.71ms
  2026-03-01 15:42:37 /api/dictionaries/strategy-models .................................................. ~ 585.93ms
  2026-03-01 15:42:38 /api/dictionaries/setups ............................................................ ~ 14.60ms
  2026-03-01 15:42:38 /api/dictionaries/killzones ........................................................ ~ 532.79ms
  2026-03-01 15:42:38 /api/dictionaries/trade-tags ....................................................... ~ 531.83ms
  2026-03-01 15:42:38 /api/dictionaries/sessions .......................................................... ~ 20.49ms
  2026-03-01 15:42:38 /api/instruments ................................................................... ~ 525.36ms
  2026-03-01 15:42:39 /api/trades .......................................................................... ~ 0.15ms
  2026-03-01 15:42:39 /api/trade-checklist/resolve ......................................................... ~ 0.28ms
  2026-03-01 15:42:39 /api/trade-checklist/resolve ....................................................... ~ 509.41ms
  2026-03-01 15:42:42 /api/accounts ........................................................................ ~ 0.16ms
  2026-03-01 15:42:42 /api/dictionaries/strategy-models .................................................. ~ 543.31ms
  2026-03-01 15:42:42 /api/dictionaries/setups ........................................................... ~ 585.20ms
  2026-03-01 15:42:42 /api/dictionaries/killzones ........................................................ ~ 582.29ms
  2026-03-01 15:42:42 /api/dictionaries/trade-tags ....................................................... ~ 531.93ms
  2026-03-01 15:42:42 /api/dictionaries/sessions ......................................................... ~ 567.62ms
  2026-03-01 15:42:43 /api/checklists ...................................................................... ~ 0.09ms
  2026-03-01 15:42:43 /api/checklists/1/items ............................................................ ~ 500.20ms
  2026-03-01 15:42:43 /api/checklists/1/items .............................................................. ~ 0.09ms
  2026-03-01 15:43:24 /api/accounts ........................................................................ ~ 0.24ms
  2026-03-01 15:43:24 /api/dictionaries/strategy-models ................................................... ~ 34.88ms
  2026-03-01 15:43:24 /api/dictionaries/setups ........................................................... ~ 552.76ms
  2026-03-01 15:43:24 /api/dictionaries/killzones ........................................................ ~ 536.55ms
  2026-03-01 15:43:25 /api/dictionaries/trade-tags ........................................................ ~ 17.76ms
  2026-03-01 15:43:25 /api/dictionaries/sessions ......................................................... ~ 513.71ms
  2026-03-01 15:43:25 /api/checklists ...................................................................... ~ 0.07ms
  2026-03-01 15:43:25 /api/checklists/1/items .............................................................. ~ 0.07ms
